24-Dec-2019 13:48:13.127 INFO [main] org.apache.catalina.startup.VersionLoggerListener.log Server version name:   Apache Tomcat/9.0.30
24-Dec-2019 13:48:13.133 INFO [main] org.apache.catalina.startup.VersionLoggerListener.log Server built:          Dec 7 2019 16:42:04 UTC
24-Dec-2019 13:48:13.135 INFO [main] org.apache.catalina.startup.VersionLoggerListener.log Server version number: 9.0.30.0
24-Dec-2019 13:48:13.135 INFO [main] org.apache.catalina.startup.VersionLoggerListener.log OS Name:               Linux
24-Dec-2019 13:48:13.135 INFO [main] org.apache.catalina.startup.VersionLoggerListener.log OS Version:            5.4.6-zen1-1-zen
24-Dec-2019 13:48:13.135 INFO [main] org.apache.catalina.startup.VersionLoggerListener.log Architecture:          amd64
24-Dec-2019 13:48:13.135 INFO [main] org.apache.catalina.startup.VersionLoggerListener.log Java Home:             /usr/lib/jvm/java-13-openjdk
24-Dec-2019 13:48:13.136 INFO [main] org.apache.catalina.startup.VersionLoggerListener.log JVM Version:           13.0.1+9
24-Dec-2019 13:48:13.136 INFO [main] org.apache.catalina.startup.VersionLoggerListener.log JVM Vendor:            Oracle Corporation
24-Dec-2019 13:48:13.136 INFO [main] org.apache.catalina.startup.VersionLoggerListener.log CATALINA_BASE:         /home/sam/Downloads/apache-tomcat-9.0.30
24-Dec-2019 13:48:13.136 INFO [main] org.apache.catalina.startup.VersionLoggerListener.log CATALINA_HOME:         /home/sam/Downloads/apache-tomcat-9.0.30
24-Dec-2019 13:48:13.164 INFO [main] org.apache.catalina.startup.VersionLoggerListener.log Command line argument: --add-opens=java.base/java.lang=ALL-UNNAMED
24-Dec-2019 13:48:13.165 INFO [main] org.apache.catalina.startup.VersionLoggerListener.log Command line argument: --add-opens=java.base/java.io=ALL-UNNAMED
24-Dec-2019 13:48:13.167 INFO [main] org.apache.catalina.startup.VersionLoggerListener.log Command line argument: --add-opens=java.rmi/sun.rmi.transport=ALL-UNNAMED
24-Dec-2019 13:48:13.173 INFO [main] org.apache.catalina.startup.VersionLoggerListener.log Command line argument: -Djava.util.logging.config.file=/home/sam/Downloads/apache-tomcat-9.0.30/conf/logging.properties
24-Dec-2019 13:48:13.174 INFO [main] org.apache.catalina.startup.VersionLoggerListener.log Command line argument: -Djava.util.logging.manager=org.apache.juli.ClassLoaderLogManager
24-Dec-2019 13:48:13.175 INFO [main] org.apache.catalina.startup.VersionLoggerListener.log Command line argument: -Djdk.tls.ephemeralDHKeySize=2048
24-Dec-2019 13:48:13.176 INFO [main] org.apache.catalina.startup.VersionLoggerListener.log Command line argument: -Djava.protocol.handler.pkgs=org.apache.catalina.webresources
24-Dec-2019 13:48:13.177 INFO [main] org.apache.catalina.startup.VersionLoggerListener.log Command line argument: -Dorg.apache.catalina.security.SecurityListener.UMASK=0027
24-Dec-2019 13:48:13.177 INFO [main] org.apache.catalina.startup.VersionLoggerListener.log Command line argument: -Dignore.endorsed.dirs=
24-Dec-2019 13:48:13.178 INFO [main] org.apache.catalina.startup.VersionLoggerListener.log Command line argument: -Dcatalina.base=/home/sam/Downloads/apache-tomcat-9.0.30
24-Dec-2019 13:48:13.179 INFO [main] org.apache.catalina.startup.VersionLoggerListener.log Command line argument: -Dcatalina.home=/home/sam/Downloads/apache-tomcat-9.0.30
24-Dec-2019 13:48:13.217 INFO [main] org.apache.catalina.startup.VersionLoggerListener.log Command line argument: -Djava.io.tmpdir=/home/sam/Downloads/apache-tomcat-9.0.30/temp
24-Dec-2019 13:48:13.218 INFO [main] org.apache.catalina.core.AprLifecycleListener.lifecycleEvent The APR based Apache Tomcat Native library which allows optimal performance in production environments was not found on the java.library.path: [/usr/java/packages/lib:/usr/lib64:/lib64:/lib:/usr/lib]
24-Dec-2019 13:48:13.754 INFO [main] org.apache.coyote.AbstractProtocol.init Initializing ProtocolHandler ["http-nio-8080"]
24-Dec-2019 13:48:13.788 INFO [main] org.apache.coyote.AbstractProtocol.init Initializing ProtocolHandler ["ajp-nio-8009"]
24-Dec-2019 13:48:13.790 INFO [main] org.apache.catalina.startup.Catalina.load Server initialization in [880] milliseconds
24-Dec-2019 13:48:13.832 INFO [main] org.apache.catalina.core.StandardService.startInternal Starting service [Catalina]
24-Dec-2019 13:48:13.832 INFO [main] org.apache.catalina.core.StandardEngine.startInternal Starting Servlet engine: [Apache Tomcat/9.0.30]
24-Dec-2019 13:48:13.844 INFO [main] org.apache.catalina.startup.HostConfig.deployDirectory Deploying web application directory [/home/sam/Downloads/apache-tomcat-9.0.30/webapps/manager]
24-Dec-2019 13:48:14.113 INFO [main] org.apache.catalina.startup.HostConfig.deployDirectory Deployment of web application directory [/home/sam/Downloads/apache-tomcat-9.0.30/webapps/manager] has finished in [269] ms
24-Dec-2019 13:48:14.113 INFO [main] org.apache.catalina.startup.HostConfig.deployDirectory Deploying web application directory [/home/sam/Downloads/apache-tomcat-9.0.30/webapps/host-manager]
24-Dec-2019 13:48:14.153 INFO [main] org.apache.catalina.startup.HostConfig.deployDirectory Deployment of web application directory [/home/sam/Downloads/apache-tomcat-9.0.30/webapps/host-manager] has finished in [40] ms
24-Dec-2019 13:48:14.153 INFO [main] org.apache.catalina.startup.HostConfig.deployDirectory Deploying web application directory [/home/sam/Downloads/apache-tomcat-9.0.30/webapps/ROOT]
24-Dec-2019 13:48:14.174 INFO [main] org.apache.catalina.startup.HostConfig.deployDirectory Deployment of web application directory [/home/sam/Downloads/apache-tomcat-9.0.30/webapps/ROOT] has finished in [21] ms
24-Dec-2019 13:48:14.179 INFO [main] org.apache.coyote.AbstractProtocol.start Starting ProtocolHandler ["http-nio-8080"]
24-Dec-2019 13:48:14.199 INFO [main] org.apache.coyote.AbstractProtocol.start Starting ProtocolHandler ["ajp-nio-8009"]
24-Dec-2019 13:48:14.205 INFO [main] org.apache.catalina.startup.Catalina.start Server startup in [414] milliseconds
24-Dec-2019 13:48:22.251 INFO [main] org.apache.catalina.core.StandardServer.await A valid shutdown command was received via the shutdown port. Stopping the Server instance.
24-Dec-2019 13:48:22.252 INFO [main] org.apache.coyote.AbstractProtocol.pause Pausing ProtocolHandler ["http-nio-8080"]
24-Dec-2019 13:48:22.260 INFO [main] org.apache.coyote.AbstractProtocol.pause Pausing ProtocolHandler ["ajp-nio-8009"]
24-Dec-2019 13:48:22.266 INFO [main] org.apache.catalina.core.StandardService.stopInternal Stopping service [Catalina]
24-Dec-2019 13:48:22.289 INFO [main] org.apache.coyote.AbstractProtocol.stop Stopping ProtocolHandler ["http-nio-8080"]
24-Dec-2019 13:48:22.296 INFO [main] org.apache.coyote.AbstractProtocol.stop Stopping ProtocolHandler ["ajp-nio-8009"]
24-Dec-2019 13:48:22.301 INFO [main] org.apache.coyote.AbstractProtocol.destroy Destroying ProtocolHandler ["http-nio-8080"]
24-Dec-2019 13:48:22.301 INFO [main] org.apache.coyote.AbstractProtocol.destroy Destroying ProtocolHandler ["ajp-nio-8009"]
24-Dec-2019 13:49:55.499 INFO [main] org.apache.catalina.startup.VersionLoggerListener.log Server version name:   Apache Tomcat/9.0.30
24-Dec-2019 13:49:55.505 INFO [main] org.apache.catalina.startup.VersionLoggerListener.log Server built:          Dec 7 2019 16:42:04 UTC
24-Dec-2019 13:49:55.505 INFO [main] org.apache.catalina.startup.VersionLoggerListener.log Server version number: 9.0.30.0
24-Dec-2019 13:49:55.506 INFO [main] org.apache.catalina.startup.VersionLoggerListener.log OS Name:               Linux
24-Dec-2019 13:49:55.506 INFO [main] org.apache.catalina.startup.VersionLoggerListener.log OS Version:            5.4.6-zen1-1-zen
24-Dec-2019 13:49:55.506 INFO [main] org.apache.catalina.startup.VersionLoggerListener.log Architecture:          amd64
24-Dec-2019 13:49:55.506 INFO [main] org.apache.catalina.startup.VersionLoggerListener.log Java Home:             /usr/lib/jvm/java-13-openjdk
24-Dec-2019 13:49:55.506 INFO [main] org.apache.catalina.startup.VersionLoggerListener.log JVM Version:           13.0.1+9
24-Dec-2019 13:49:55.507 INFO [main] org.apache.catalina.startup.VersionLoggerListener.log JVM Vendor:            Oracle Corporation
24-Dec-2019 13:49:55.507 INFO [main] org.apache.catalina.startup.VersionLoggerListener.log CATALINA_BASE:         /home/sam/Downloads/apache-tomcat-9.0.30
24-Dec-2019 13:49:55.507 INFO [main] org.apache.catalina.startup.VersionLoggerListener.log CATALINA_HOME:         /home/sam/Downloads/apache-tomcat-9.0.30
24-Dec-2019 13:49:55.538 INFO [main] org.apache.catalina.startup.VersionLoggerListener.log Command line argument: --add-opens=java.base/java.lang=ALL-UNNAMED
24-Dec-2019 13:49:55.539 INFO [main] org.apache.catalina.startup.VersionLoggerListener.log Command line argument: --add-opens=java.base/java.io=ALL-UNNAMED
24-Dec-2019 13:49:55.539 INFO [main] org.apache.catalina.startup.VersionLoggerListener.log Command line argument: --add-opens=java.rmi/sun.rmi.transport=ALL-UNNAMED
24-Dec-2019 13:49:55.539 INFO [main] org.apache.catalina.startup.VersionLoggerListener.log Command line argument: -Djava.util.logging.config.file=/home/sam/Downloads/apache-tomcat-9.0.30/conf/logging.properties
24-Dec-2019 13:49:55.539 INFO [main] org.apache.catalina.startup.VersionLoggerListener.log Command line argument: -Djava.util.logging.manager=org.apache.juli.ClassLoaderLogManager
24-Dec-2019 13:49:55.539 INFO [main] org.apache.catalina.startup.VersionLoggerListener.log Command line argument: -Djdk.tls.ephemeralDHKeySize=2048
24-Dec-2019 13:49:55.540 INFO [main] org.apache.catalina.startup.VersionLoggerListener.log Command line argument: -Djava.protocol.handler.pkgs=org.apache.catalina.webresources
24-Dec-2019 13:49:55.540 INFO [main] org.apache.catalina.startup.VersionLoggerListener.log Command line argument: -Dorg.apache.catalina.security.SecurityListener.UMASK=0027
24-Dec-2019 13:49:55.540 INFO [main] org.apache.catalina.startup.VersionLoggerListener.log Command line argument: -Dignore.endorsed.dirs=
24-Dec-2019 13:49:55.540 INFO [main] org.apache.catalina.startup.VersionLoggerListener.log Command line argument: -Dcatalina.base=/home/sam/Downloads/apache-tomcat-9.0.30
24-Dec-2019 13:49:55.540 INFO [main] org.apache.catalina.startup.VersionLoggerListener.log Command line argument: -Dcatalina.home=/home/sam/Downloads/apache-tomcat-9.0.30
24-Dec-2019 13:49:55.540 INFO [main] org.apache.catalina.startup.VersionLoggerListener.log Command line argument: -Djava.io.tmpdir=/home/sam/Downloads/apache-tomcat-9.0.30/temp
24-Dec-2019 13:49:55.541 INFO [main] org.apache.catalina.core.AprLifecycleListener.lifecycleEvent The APR based Apache Tomcat Native library which allows optimal performance in production environments was not found on the java.library.path: [/usr/java/packages/lib:/usr/lib64:/lib64:/lib:/usr/lib]
24-Dec-2019 13:49:55.854 INFO [main] org.apache.coyote.AbstractProtocol.init Initializing ProtocolHandler ["http-nio-8080"]
24-Dec-2019 13:49:55.889 INFO [main] org.apache.coyote.AbstractProtocol.init Initializing ProtocolHandler ["ajp-nio-8009"]
24-Dec-2019 13:49:55.892 INFO [main] org.apache.catalina.startup.Catalina.load Server initialization in [607] milliseconds
24-Dec-2019 13:49:55.932 INFO [main] org.apache.catalina.core.StandardService.startInternal Starting service [Catalina]
24-Dec-2019 13:49:55.932 INFO [main] org.apache.catalina.core.StandardEngine.startInternal Starting Servlet engine: [Apache Tomcat/9.0.30]
24-Dec-2019 13:49:55.939 INFO [main] org.apache.catalina.startup.HostConfig.deployDirectory Deploying web application directory [/home/sam/Downloads/apache-tomcat-9.0.30/webapps/manager]
24-Dec-2019 13:49:56.224 INFO [main] org.apache.catalina.startup.HostConfig.deployDirectory Deployment of web application directory [/home/sam/Downloads/apache-tomcat-9.0.30/webapps/manager] has finished in [285] ms
24-Dec-2019 13:49:56.225 INFO [main] org.apache.catalina.startup.HostConfig.deployDirectory Deploying web application directory [/home/sam/Downloads/apache-tomcat-9.0.30/webapps/host-manager]
24-Dec-2019 13:49:56.270 INFO [main] org.apache.catalina.startup.HostConfig.deployDirectory Deployment of web application directory [/home/sam/Downloads/apache-tomcat-9.0.30/webapps/host-manager] has finished in [46] ms
24-Dec-2019 13:49:56.271 INFO [main] org.apache.catalina.startup.HostConfig.deployDirectory Deploying web application directory [/home/sam/Downloads/apache-tomcat-9.0.30/webapps/ROOT]
24-Dec-2019 13:49:56.293 INFO [main] org.apache.catalina.startup.HostConfig.deployDirectory Deployment of web application directory [/home/sam/Downloads/apache-tomcat-9.0.30/webapps/ROOT] has finished in [21] ms
24-Dec-2019 13:49:56.296 INFO [main] org.apache.coyote.AbstractProtocol.start Starting ProtocolHandler ["http-nio-8080"]
24-Dec-2019 13:49:56.320 INFO [main] org.apache.coyote.AbstractProtocol.start Starting ProtocolHandler ["ajp-nio-8009"]
24-Dec-2019 13:49:56.328 INFO [main] org.apache.catalina.startup.Catalina.start Server startup in [436] milliseconds
24-Dec-2019 13:50:25.375 INFO [main] org.apache.catalina.core.StandardServer.await A valid shutdown command was received via the shutdown port. Stopping the Server instance.
24-Dec-2019 13:50:25.376 INFO [main] org.apache.coyote.AbstractProtocol.pause Pausing ProtocolHandler ["http-nio-8080"]
24-Dec-2019 13:50:25.384 INFO [main] org.apache.coyote.AbstractProtocol.pause Pausing ProtocolHandler ["ajp-nio-8009"]
24-Dec-2019 13:50:25.390 INFO [main] org.apache.catalina.core.StandardService.stopInternal Stopping service [Catalina]
24-Dec-2019 13:50:25.443 INFO [main] org.apache.coyote.AbstractProtocol.stop Stopping ProtocolHandler ["http-nio-8080"]
24-Dec-2019 13:50:25.448 INFO [main] org.apache.coyote.AbstractProtocol.stop Stopping ProtocolHandler ["ajp-nio-8009"]
24-Dec-2019 13:50:25.453 INFO [main] org.apache.coyote.AbstractProtocol.destroy Destroying ProtocolHandler ["http-nio-8080"]
24-Dec-2019 13:50:25.454 INFO [main] org.apache.coyote.AbstractProtocol.destroy Destroying ProtocolHandler ["ajp-nio-8009"]
24-Dec-2019 13:50:57.885 INFO [main] org.apache.catalina.startup.VersionLoggerListener.log Server version name:   Apache Tomcat/9.0.30
24-Dec-2019 13:50:57.893 INFO [main] org.apache.catalina.startup.VersionLoggerListener.log Server built:          Dec 7 2019 16:42:04 UTC
24-Dec-2019 13:50:57.893 INFO [main] org.apache.catalina.startup.VersionLoggerListener.log Server version number: 9.0.30.0
24-Dec-2019 13:50:57.894 INFO [main] org.apache.catalina.startup.VersionLoggerListener.log OS Name:               Linux
24-Dec-2019 13:50:57.894 INFO [main] org.apache.catalina.startup.VersionLoggerListener.log OS Version:            5.4.6-zen1-1-zen
24-Dec-2019 13:50:57.894 INFO [main] org.apache.catalina.startup.VersionLoggerListener.log Architecture:          amd64
24-Dec-2019 13:50:57.894 INFO [main] org.apache.catalina.startup.VersionLoggerListener.log Java Home:             /usr/lib/jvm/java-13-openjdk
24-Dec-2019 13:50:57.894 INFO [main] org.apache.catalina.startup.VersionLoggerListener.log JVM Version:           13.0.1+9
24-Dec-2019 13:50:57.895 INFO [main] org.apache.catalina.startup.VersionLoggerListener.log JVM Vendor:            Oracle Corporation
24-Dec-2019 13:50:57.895 INFO [main] org.apache.catalina.startup.VersionLoggerListener.log CATALINA_BASE:         /home/sam/Downloads/apache-tomcat-9.0.30
24-Dec-2019 13:50:57.895 INFO [main] org.apache.catalina.startup.VersionLoggerListener.log CATALINA_HOME:         /home/sam/Downloads/apache-tomcat-9.0.30
24-Dec-2019 13:50:57.910 INFO [main] org.apache.catalina.startup.VersionLoggerListener.log Command line argument: --add-opens=java.base/java.lang=ALL-UNNAMED
24-Dec-2019 13:50:57.910 INFO [main] org.apache.catalina.startup.VersionLoggerListener.log Command line argument: --add-opens=java.base/java.io=ALL-UNNAMED
24-Dec-2019 13:50:57.910 INFO [main] org.apache.catalina.startup.VersionLoggerListener.log Command line argument: --add-opens=java.rmi/sun.rmi.transport=ALL-UNNAMED
24-Dec-2019 13:50:57.910 INFO [main] org.apache.catalina.startup.VersionLoggerListener.log Command line argument: -Djava.util.logging.config.file=/home/sam/Downloads/apache-tomcat-9.0.30/conf/logging.properties
24-Dec-2019 13:50:57.910 INFO [main] org.apache.catalina.startup.VersionLoggerListener.log Command line argument: -Djava.util.logging.manager=org.apache.juli.ClassLoaderLogManager
24-Dec-2019 13:50:57.911 INFO [main] org.apache.catalina.startup.VersionLoggerListener.log Command line argument: -Djdk.tls.ephemeralDHKeySize=2048
24-Dec-2019 13:50:57.911 INFO [main] org.apache.catalina.startup.VersionLoggerListener.log Command line argument: -Djava.protocol.handler.pkgs=org.apache.catalina.webresources
24-Dec-2019 13:50:57.911 INFO [main] org.apache.catalina.startup.VersionLoggerListener.log Command line argument: -Dorg.apache.catalina.security.SecurityListener.UMASK=0027
24-Dec-2019 13:50:57.911 INFO [main] org.apache.catalina.startup.VersionLoggerListener.log Command line argument: -Dignore.endorsed.dirs=
24-Dec-2019 13:50:57.911 INFO [main] org.apache.catalina.startup.VersionLoggerListener.log Command line argument: -Dcatalina.base=/home/sam/Downloads/apache-tomcat-9.0.30
24-Dec-2019 13:50:57.911 INFO [main] org.apache.catalina.startup.VersionLoggerListener.log Command line argument: -Dcatalina.home=/home/sam/Downloads/apache-tomcat-9.0.30
24-Dec-2019 13:50:57.912 INFO [main] org.apache.catalina.startup.VersionLoggerListener.log Command line argument: -Djava.io.tmpdir=/home/sam/Downloads/apache-tomcat-9.0.30/temp
24-Dec-2019 13:50:57.912 INFO [main] org.apache.catalina.core.AprLifecycleListener.lifecycleEvent The APR based Apache Tomcat Native library which allows optimal performance in production environments was not found on the java.library.path: [/usr/java/packages/lib:/usr/lib64:/lib64:/lib:/usr/lib]
24-Dec-2019 13:50:58.246 INFO [main] org.apache.coyote.AbstractProtocol.init Initializing ProtocolHandler ["http-nio-8080"]
24-Dec-2019 13:50:58.280 INFO [main] org.apache.coyote.AbstractProtocol.init Initializing ProtocolHandler ["ajp-nio-8009"]
24-Dec-2019 13:50:58.283 INFO [main] org.apache.catalina.startup.Catalina.load Server initialization in [609] milliseconds
24-Dec-2019 13:50:58.326 INFO [main] org.apache.catalina.core.StandardService.startInternal Starting service [Catalina]
24-Dec-2019 13:50:58.326 INFO [main] org.apache.catalina.core.StandardEngine.startInternal Starting Servlet engine: [Apache Tomcat/9.0.30]
24-Dec-2019 13:50:58.334 INFO [main] org.apache.catalina.startup.HostConfig.deployDirectory Deploying web application directory [/home/sam/Downloads/apache-tomcat-9.0.30/webapps/manager]
24-Dec-2019 13:50:58.638 INFO [main] org.apache.catalina.startup.HostConfig.deployDirectory Deployment of web application directory [/home/sam/Downloads/apache-tomcat-9.0.30/webapps/manager] has finished in [304] ms
24-Dec-2019 13:50:58.639 INFO [main] org.apache.catalina.startup.HostConfig.deployDirectory Deploying web application directory [/home/sam/Downloads/apache-tomcat-9.0.30/webapps/host-manager]
24-Dec-2019 13:50:58.669 INFO [main] org.apache.catalina.startup.HostConfig.deployDirectory Deployment of web application directory [/home/sam/Downloads/apache-tomcat-9.0.30/webapps/host-manager] has finished in [30] ms
24-Dec-2019 13:50:58.669 INFO [main] org.apache.catalina.startup.HostConfig.deployDirectory Deploying web application directory [/home/sam/Downloads/apache-tomcat-9.0.30/webapps/ROOT]
24-Dec-2019 13:50:58.691 INFO [main] org.apache.catalina.startup.HostConfig.deployDirectory Deployment of web application directory [/home/sam/Downloads/apache-tomcat-9.0.30/webapps/ROOT] has finished in [22] ms
24-Dec-2019 13:50:58.695 INFO [main] org.apache.coyote.AbstractProtocol.start Starting ProtocolHandler ["http-nio-8080"]
24-Dec-2019 13:50:58.711 INFO [main] org.apache.coyote.AbstractProtocol.start Starting ProtocolHandler ["ajp-nio-8009"]
24-Dec-2019 13:50:58.714 INFO [main] org.apache.catalina.startup.Catalina.start Server startup in [431] milliseconds
24-Dec-2019 13:51:32.197 INFO [main] org.apache.catalina.core.StandardServer.await A valid shutdown command was received via the shutdown port. Stopping the Server instance.
24-Dec-2019 13:51:32.197 INFO [main] org.apache.coyote.AbstractProtocol.pause Pausing ProtocolHandler ["http-nio-8080"]
24-Dec-2019 13:51:32.200 INFO [main] org.apache.coyote.AbstractProtocol.pause Pausing ProtocolHandler ["ajp-nio-8009"]
24-Dec-2019 13:51:32.206 INFO [main] org.apache.catalina.core.StandardService.stopInternal Stopping service [Catalina]
24-Dec-2019 13:51:32.266 INFO [main] org.apache.coyote.AbstractProtocol.stop Stopping ProtocolHandler ["http-nio-8080"]
24-Dec-2019 13:51:32.273 INFO [main] org.apache.coyote.AbstractProtocol.stop Stopping ProtocolHandler ["ajp-nio-8009"]
24-Dec-2019 13:51:32.277 INFO [main] org.apache.coyote.AbstractProtocol.destroy Destroying ProtocolHandler ["http-nio-8080"]
24-Dec-2019 13:51:32.279 INFO [main] org.apache.coyote.AbstractProtocol.destroy Destroying ProtocolHandler ["ajp-nio-8009"]
